<?xml version="1.0" encoding="UTF-8" ?>
<testsuite errors="0" failures="2" hostname="NOGENT-BPESTY" name="fr.ifn.eforest.integration.AllTests" tests="15" time="0.825" timestamp="2011-02-18T08:46:19">
  <properties>
[...]
</properties>
  <testcase classname="fr.ifn.eforest.integration.business.DataServiceTest" name="testDataSubmission" time="0.28">
    <failure message="null" type="junit.framework.AssertionFailedError">junit.framework.AssertionFailedError: null
	at fr.ifn.eforest.integration.business.DataServiceTest.testDataSubmission(DataServiceTest.java:102)
</failure>
  </testcase>
  <testcase classname="fr.ifn.eforest.integration.business.GenericMapperTest" name="testGetSortedAncestors" time="0.078" />
  <testcase classname="fr.ifn.eforest.integration.database.MetadataTest" name="testCheckCode" time="0.047" />
  <testcase classname="fr.ifn.eforest.integration.database.MetadataTest" name="testGetModes" time="0.031">
    <failure message="There is 34 differents country codes expected:&lt;34&gt; but was:&lt;304&gt;" type="junit.framework.AssertionFailedError">junit.framework.AssertionFailedError: There is 34 differents country codes expected:&lt;34&gt; but was:&lt;304&gt;
	at fr.ifn.eforest.integration.database.MetadataTest.testGetModes(MetadataTest.java:61)
</failure>
  </testcase>
  <testcase classname="fr.ifn.eforest.integration.database.MetadataTest" name="testGetJRCRequests" time="0.031" />
  <testcase classname="fr.ifn.eforest.integration.database.MetadataTest" name="testGetRange" time="0.016" />
  <testcase classname="fr.ifn.eforest.integration.database.MetadataTest" name="testGetType" time="0.016" />
  <testcase classname="fr.ifn.eforest.integration.database.MetadataTest" name="testGetRequestFiles" time="0.047" />
  <testcase classname="fr.ifn.eforest.integration.database.MetadataTest" name="testGetFileFields" time="0.031" />
  <testcase classname="fr.ifn.eforest.integration.database.MetadataTest" name="testGetTablesTree" time="0.015" />
  <testcase classname="fr.ifn.eforest.integration.database.MetadataTest" name="testGetFormatMapping" time="0.031" />
  <testcase classname="fr.ifn.eforest.integration.database.MetadataTest" name="testGetField" time="0.032" />
  <testcase classname="fr.ifn.eforest.integration.database.MetadataTest" name="testGetFieldMapping" time="0.031" />
  <testcase classname="fr.ifn.eforest.integration.database.MetadataTest" name="testGetTableFields" time="0.031" />
  <testcase classname="fr.ifn.eforest.integration.database.MetadataTest" name="testGetTableName" time="0.031" />
  <system-out><![CDATA[DEBUG [main]: Preparing the metadata for the test
TRACE [main]: SELECT nextval('submission_id_seq') as submissionid
TRACE [main]: INSERT INTO submission (submission_id, provider_id, dataset_id, user_login, step) values (?, ?, ?, ?, ?)
ERROR [main]: org.postgresql.util.PSQLException: ERROR: column "provider_id" of relation "submission" does not exist
DEBUG [main]: Cleaning the metadata after the test
DEBUG [main]: Preparing the metadata for the test
TRACE [main]: SELECT DISTINCT table_format.format as format, table_name, is_column_oriented  FROM field_mapping LEFT JOIN table_format on (field_mapping.dst_format = table_format.format)  WHERE field_mapping.src_format = ?  AND   field_mapping.mapping_type = ? 
TRACE [main]: SELECT DISTINCT table_format.format as format, table_name, is_column_oriented  FROM field_mapping LEFT JOIN table_format on (field_mapping.dst_format = table_format.format)  WHERE field_mapping.src_format = ?  AND   field_mapping.mapping_type = ? 
TRACE [main]: SELECT child_table, parent_table, join_key  FROM table_tree  WHERE child_table = ?  AND schema_code = ?
TRACE [main]: SELECT child_table, parent_table, join_key  FROM table_tree  WHERE child_table = ?  AND schema_code = ?
TRACE [main]: SELECT child_table, parent_table, join_key  FROM table_tree  WHERE child_table = ?  AND schema_code = ?
DEBUG [main]: sortedList : [SPECIES_DATA, PLOT_DATA, LOCATION_DATA]
DEBUG [main]: Cleaning the metadata after the test
DEBUG [main]: Preparing the metadata for the test
TRACE [main]: SELECT mode FROM mode WHERE unit = ? AND code = ?
TRACE [main]: SELECT mode FROM mode WHERE unit = ? AND code = ?
DEBUG [main]: Cleaning the metadata after the test
DEBUG [main]: Preparing the metadata for the test
TRACE [main]: SELECT code, label FROM mode WHERE unit = ? ORDER BY position, code
DEBUG [main]: Cleaning the metadata after the test
DEBUG [main]: Preparing the metadata for the test
TRACE [main]: SELECT dataset_id, label FROM dataset
DEBUG [main]: Cleaning the metadata after the test
DEBUG [main]: Preparing the metadata for the test
TRACE [main]: SELECT min, max FROM range WHERE unit = ?
DEBUG [main]: Cleaning the metadata after the test
DEBUG [main]: Preparing the metadata for the test
TRACE [main]: SELECT type  FROM unit  LEFT JOIN data on (data.unit = unit.unit) WHERE data.data = ? 
DEBUG [main]: Cleaning the metadata after the test
DEBUG [main]: Preparing the metadata for the test
TRACE [main]: SELECT file_format.format, file_type FROM dataset_files LEFT JOIN file_format USING (format) WHERE dataset_id = ? ORDER BY position
DEBUG [main]: Cleaning the metadata after the test
DEBUG [main]: Preparing the metadata for the test
TRACE [main]: SELECT data.data, data.unit, mask, unit.type as type, is_mandatory  FROM file_field  LEFT JOIN data on (file_field.data = data.data) LEFT JOIN unit on (data.unit = unit.unit) WHERE format = ?  ORDER BY position ASC
DEBUG [main]: Cleaning the metadata after the test
DEBUG [main]: Preparing the metadata for the test
DEBUG [main]: [SPECIES_DATA / PLOT_DATA - [SUBMISSION_ID,  COUNTRY_CODE,  PLOT_CODE,  CYCLE], PLOT_DATA / LOCATION_DATA - [COUNTRY_CODE,  PLOT_CODE], LOCATION_DATA / * - []]
DEBUG [main]: Cleaning the metadata after the test
DEBUG [main]: Preparing the metadata for the test
TRACE [main]: SELECT DISTINCT table_format.format as format, table_name, is_column_oriented  FROM field_mapping LEFT JOIN table_format on (field_mapping.dst_format = table_format.format)  WHERE field_mapping.src_format = ?  AND   field_mapping.mapping_type = ? 
DEBUG [main]: {SPECIES_DATA=SPECIES_DATA - SPECIES_DATA}
DEBUG [main]: Cleaning the metadata after the test
DEBUG [main]: Preparing the metadata for the test
TRACE [main]: SELECT data.data, data.unit, mask, unit.type as type, is_mandatory   FROM data  LEFT JOIN unit on (data.unit = unit.unit) LEFT JOIN file_field on (file_field.data = data.data) WHERE data.data = ? 
DEBUG [main]: Cleaning the metadata after the test
DEBUG [main]: Preparing the metadata for the test
TRACE [main]: SELECT field_mapping.src_data as fieldname, field_mapping.dst_format as format, table_name, column_name, is_column_oriented, unit.type  FROM field_mapping LEFT JOIN table_format on (field_mapping.dst_format = table_format.format)  LEFT JOIN table_field on (field_mapping.dst_format = table_field.format and field_mapping.dst_data = table_field.data) LEFT JOIN data on (table_field.data = data.data)  LEFT JOIN unit on (data.unit = unit.unit)  WHERE field_mapping.src_format = ?  AND   field_mapping.mapping_type = ? 
DEBUG [main]: Cleaning the metadata after the test
DEBUG [main]: Preparing the metadata for the test
TRACE [main]: SELECT table_field.data as fieldname, table_name, column_name, is_column_oriented, table_format.format, unit.type  FROM table_format  LEFT JOIN table_field on (table_field.format = table_format.format)  LEFT JOIN data on (table_field.data = data.data)  LEFT JOIN unit on (data.unit = unit.unit)  WHERE table_format.format = ?  AND is_calculated <> '1'
DEBUG [main]: [PLOT_DATA - SUBMISSION_ID, PLOT_DATA - COUNTRY_CODE, PLOT_DATA - STRATUM_CODE, PLOT_DATA - PLOT_CODE, PLOT_DATA - CYCLE, PLOT_DATA - REF_YEAR_BEGIN, PLOT_DATA - REF_YEAR_END, PLOT_DATA - INV_DATE, PLOT_DATA - STATISTICAL_WEIGHT, PLOT_DATA - DOMAIN_FOREST, PLOT_DATA - DOMAIN_BASAL_AREA, PLOT_DATA - IS_FOREST_PLOT, PLOT_DATA - IS_PARTITIONNING_PLOT, PLOT_DATA - COMMENT, PLOT_DATA - LINE_NUMBER]
DEBUG [main]: Cleaning the metadata after the test
DEBUG [main]: Preparing the metadata for the test
TRACE [main]: SELECT table_name, is_column_oriented, format, schema_code FROM table_format WHERE format = ?
DEBUG [main]: Cleaning the metadata after the test
]]></system-out>
  <system-err><![CDATA[]]></system-err>
</testsuite>
